<?xml version="1.0" encoding="UTF-8"?>
<testng-results ignored="0" total="2" passed="2" failed="0" skipped="0">
  <reporter-output>
  </reporter-output>
  <suite started-at="2023-12-20T21:23:58 IST" name="Default suite" finished-at="2023-12-20T21:24:15 IST" duration-ms="16330">
    <groups>
    </groups>
    <test started-at="2023-12-20T21:23:58 IST" name="Default test" finished-at="2023-12-20T21:24:15 IST" duration-ms="16330">
      <class name="TestLayer.RegistrationPageTest">
        <test-method is-config="true" signature="setUp()[pri:0, instance:TestLayer.RegistrationPageTest@534a5a98]" started-at="2023-12-20T21:23:59 IST" name="setUp" finished-at="2023-12-20T21:24:03 IST" duration-ms="3595" status="PASS">
          <reporter-output>
          </reporter-output>
        </test-method> <!-- setUp -->
        <test-method signature="registartionpagevalidate(java.lang.String,java.lang.String,java.lang.String,java.lang.String,java.lang.String,java.lang.String,java.lang.String,java.lang.String,java.lang.String,java.lang.String,java.lang.String)[pri:1, instance:TestLayer.RegistrationPageTest@534a5a98]" started-at="2023-12-20T21:24:03 IST" name="registartionpagevalidate" data-provider="fdata" finished-at="2023-12-20T21:24:04 IST" duration-ms="1241" status="PASS">
          <params>
            <param index="0">
              <value>
                <![CDATA[Bengaluru]]>
              </value>
            </param>
            <param index="1">
              <value>
                <![CDATA[hari]]>
              </value>
            </param>
            <param index="2">
              <value>
                <![CDATA[jndn]]>
              </value>
            </param>
            <param index="3">
              <value>
                <![CDATA[11/12/2024]]>
              </value>
            </param>
            <param index="4">
              <value>
                <![CDATA[hari@gmail.com]]>
              </value>
            </param>
            <param index="5">
              <value>
                <![CDATA[Yes]]>
              </value>
            </param>
            <param index="6">
              <value>
                <![CDATA[hari]]>
              </value>
            </param>
            <param index="7">
              <value>
                <![CDATA[446bdb]]>
              </value>
            </param>
            <param index="8">
              <value>
                <![CDATA[446bdb]]>
              </value>
            </param>
            <param index="9">
              <value>
                <![CDATA[Favourite Colour]]>
              </value>
            </param>
            <param index="10">
              <value>
                <![CDATA[grenj]]>
              </value>
            </param>
          </params>
          <reporter-output>
          </reporter-output>
        </test-method> <!-- registartionpagevalidate -->
        <test-method is-config="true" signature="tearDown()[pri:0, instance:TestLayer.RegistrationPageTest@534a5a98]" started-at="2023-12-20T21:24:04 IST" name="tearDown" finished-at="2023-12-20T21:24:07 IST" duration-ms="3345" status="PASS">
          <reporter-output>
          </reporter-output>
        </test-method> <!-- tearDown -->
        <test-method is-config="true" signature="setUp()[pri:0, instance:TestLayer.RegistrationPageTest@534a5a98]" started-at="2023-12-20T21:24:07 IST" name="setUp" finished-at="2023-12-20T21:24:10 IST" duration-ms="2932" status="PASS">
          <reporter-output>
          </reporter-output>
        </test-method> <!-- setUp -->
        <test-method signature="registartionpagevalidate(java.lang.String,java.lang.String,java.lang.String,java.lang.String,java.lang.String,java.lang.String,java.lang.String,java.lang.String,java.lang.String,java.lang.String,java.lang.String)[pri:1, instance:TestLayer.RegistrationPageTest@534a5a98]" started-at="2023-12-20T21:24:10 IST" name="registartionpagevalidate" data-provider="fdata" finished-at="2023-12-20T21:24:11 IST" duration-ms="1253" status="PASS">
          <params>
            <param index="0">
              <value>
                <![CDATA[Ahmedabad]]>
              </value>
            </param>
            <param index="1">
              <value>
                <![CDATA[john]]>
              </value>
            </param>
            <param index="2">
              <value>
                <![CDATA[ewf]]>
              </value>
            </param>
            <param index="3">
              <value>
                <![CDATA[11/12/2025]]>
              </value>
            </param>
            <param index="4">
              <value>
                <![CDATA[john@gmail.com]]>
              </value>
            </param>
            <param index="5">
              <value>
                <![CDATA[No]]>
              </value>
            </param>
            <param index="6">
              <value>
                <![CDATA[hom]]>
              </value>
            </param>
            <param index="7">
              <value>
                <![CDATA[jqhfbhbkf]]>
              </value>
            </param>
            <param index="8">
              <value>
                <![CDATA[whefun]]>
              </value>
            </param>
            <param index="9">
              <value>
                <![CDATA[Favourite Colour]]>
              </value>
            </param>
            <param index="10">
              <value>
                <![CDATA[grekewfbnj]]>
              </value>
            </param>
          </params>
          <reporter-output>
          </reporter-output>
        </test-method> <!-- registartionpagevalidate -->
        <test-method is-config="true" signature="tearDown()[pri:0, instance:TestLayer.RegistrationPageTest@534a5a98]" started-at="2023-12-20T21:24:11 IST" name="tearDown" finished-at="2023-12-20T21:24:15 IST" duration-ms="3367" status="PASS">
          <reporter-output>
          </reporter-output>
        </test-method> <!-- tearDown -->
      </class> <!-- TestLayer.RegistrationPageTest -->
    </test> <!-- Default test -->
  </suite> <!-- Default suite -->
</testng-results>
